C:\Windows\INF\input.inf
Continuing
Analyzing C:\Windows\INF\input.inf
Driver File Name: hidusb.sys, hidclass.sys, hidparse.sys
Catalog File Name:
Driver Date: 06/21/2006
Driver Version: 10.0.22621.4111
Device VIDs: USB\VID_045E&PID, USB\VID_0433&PID, USB\VID_044e&PID, USB\VID_046A&PID, USB\VID_03F9&PID, USB\VID_0471&PID, USB\VID_0430&PID, USB\VID_04c5&PID, USB\VID_047B&PID, USB\VID_0446&PID, USB\VID_05FA&PID, USB\VID_04A5&PID, USB\VID_04F2&PID, USB\VID_046E&PID, USB\VID_05B2&PID, USB\VID_05AF&PID, USB\VID_04C3&PID, USB\VID_0566&PID, USB\VID_055D&PID, USB\VID_05BC&PID, USB\VID_0500&PID, USB\VID_0510&PID, USB\VID_05D5&PID, USB\VID_05A4&PID, USB\VID_060B&PID, USB\VID_0409&PID, USB\VID_05C7&PID, USB\VID_046D&PID, USB\VID_04B4&PID, USB\VID_04E7&PID, USB\VID_0458&PID, USB\VID_0431&PID, USB\VID_0E8A&PID, USB\VID_0605&PID, USB\VID_05F2&PID, USB\VID_044F&PID, USB\VID_06F8&PID, USB\VID_04D2&PID, USB\VID_0672&PID, USB\VID_0499&PID, USB\VID_0698&PID, USB\VID_04CA&PID, USB\VID_0452&PID, USB\VID_04A6&PID, USB\VID_051D&PID, USB\VID_0463&PID
Service Names: HidUsb,


Verifying driver signature for ...
Analyzing driver file: hidusb.sys...
Virus scan recommended for hidusb.sys. Ensure it’s clean.

Verifying driver signature for hidusb.sys...
Driver Path: C:\Windows\System32\DriverStore\FileRepository\input.inf_amd64_12de1407d19a5cc3\hidusb.sys
Driver Valid: Driver signature is valid.
Analyzing driver file: hidclass.sys...
Virus scan recommended for hidclass.sys. Ensure it’s clean.

Verifying driver signature for hidclass.sys...
Driver Path: C:\Windows\System32\DriverStore\FileRepository\input.inf_amd64_12de1407d19a5cc3\hidclass.sys
Driver Valid: Driver signature is valid.
Analyzing driver file: hidparse.sys...
Virus scan recommended for hidparse.sys. Ensure it’s clean.

Verifying driver signature for hidparse.sys...
Driver Path: C:\Windows\System32\DriverStore\FileRepository\input.inf_amd64_12de1407d19a5cc3\hidparse.sys
Driver Valid: Driver signature is valid.

Cross-referencing device IDs in the INF file...
Found driver supported device IDs: USB\VID_03F9, USB\VID_03F9&PID_0100, USB\VID_03F9&PID_0101, USB\VID_03F9&PID_0102&MI_00, USB\VID_03F9&PID_0102&MI_01, USB\VID_0409&PID_0011&MI_00, USB\VID_0409&PID_0011&MI_01, USB\VID_0409&PID_0014&MI_00, USB\VID_0409&PID_0014&MI_01, USB\VID_0409&PID_0019, USB\VID_0409&PID_001A, USB\VID_0409&PID_0025, USB\VID_0409&PID_0034, USB\VID_0409&PID_0094, USB\VID_0409&PID_0095, USB\VID_0409&PID_0203&MI_03, USB\VID_0430&PID_0002&MI_00, USB\VID_0430&PID_0002&MI_01, USB\VID_0431&PID_0100, USB\VID_0433&PID_ABAB, USB\VID_0446&PID_6781&MI_00, USB\VID_0446&PID_6781&MI_01, USB\VID_0446&PID_6782, USB\VID_044e&PID_1104, USB\VID_044F&PID_A003, USB\VID_044F&PID_A01B, USB\VID_044F&PID_A0A0, USB\VID_044F&PID_A0A1, USB\VID_044F&PID_A201, USB\VID_0452&PID_0021, USB\VID_0458&PID_0001, USB\VID_0458&PID_0002, USB\VID_0458&PID_0003, USB\VID_0458&PID_1001, USB\VID_0458&PID_1002, USB\VID_045E&PID_0007, USB\VID_045E&PID_0008, USB\VID_045E&PID_0009, USB\VID_045E&PID_000B, USB\VID_045E&PID_000E, USB\VID_045E&PID_0014&MI_02, USB\VID_045E&PID_001D&MI_00, USB\VID_045E&PID_001D&MI_01, USB\VID_045E&PID_001E, USB\VID_045E&PID_0023, USB\VID_045E&PID_0024, USB\VID_045E&PID_0025, USB\VID_045E&PID_0029, USB\VID_045E&PID_002B&MI_00, USB\VID_045E&PID_002B&MI_01, USB\VID_045E&PID_002D&MI_00, USB\VID_045E&PID_002D&MI_01, USB\VID_045E&PID_0039, USB\VID_045E&PID_0040, USB\VID_045E&PID_0047, USB\VID_045E&PID_0048&MI_00, USB\VID_045E&PID_0048&MI_01, USB\VID_045E&PID_0059, USB\VID_045E&PID_005C&MI_00, USB\VID_045E&PID_005C&MI_01, USB\VID_0463, USB\VID_0463&PID_0001, USB\VID_0463&PID_FFFF, USB\VID_046A&PID_0001, USB\VID_046d&PID_0200, USB\VID_046D&PID_C000, USB\VID_046D&PID_C001, USB\VID_046D&PID_C002, USB\VID_046D&PID_C003, USB\VID_046D&PID_C004, USB\VID_046D&PID_C005, USB\VID_046D&PID_C00B, USB\VID_046D&PID_C00C, USB\VID_046D&PID_C00D, USB\VID_046D&PID_C00E, USB\VID_046D&PID_C030, USB\VID_046D&PID_C031, USB\VID_046D&PID_C032, USB\VID_046D&PID_C033, USB\VID_046D&PID_C201, USB\VID_046D&PID_C202, USB\VID_046D&PID_C207, USB\VID_046D&PID_C208, USB\VID_046D&PID_C209, USB\VID_046D&PID_C401, USB\VID_046D&PID_C402, USB\VID_046D&PID_C403, USB\VID_046D&PID_C404, USB\VID_046D&PID_C501, USB\VID_046D&PID_C502&MI_00, USB\VID_046D&PID_C502&MI_01, USB\VID_046D&PID_C503&MI_00, USB\VID_046D&PID_C503&MI_01, USB\VID_046E, USB\VID_046E&PID_0100, USB\VID_046E&PID_6782&MI_00, USB\VID_046E&PID_6782&MI_01, USB\VID_0471, USB\VID_0471&PID_0101&MI_02, USB\VID_0471&PID_0401, USB\VID_0471&PID_0402&MI_00, USB\VID_0471&PID_0402&MI_01, USB\VID_0471&PID_0601&MI_00, USB\VID_0471&PID_0601&MI_01, USB\VID_047B, USB\VID_047B&PID_0001, USB\VID_047B&PID_0002&MI_00, USB\VID_047B&PID_0002&MI_01, USB\VID_0499&PID_3001&MI_02, USB\VID_04A5&PID_0001, USB\VID_04A5&PID_0002, USB\VID_04A5&PID_0003&MI_00, USB\VID_04A5&PID_0003&MI_01, USB\VID_04A6&PID_0181, USB\VID_04B4&PID_0001, USB\VID_04C3&PID_1101, USB\VID_04C3&PID_1102&MI_00, USB\VID_04C3&PID_1102&MI_01, USB\VID_04C3&PID_2101, USB\VID_04C3&PID_2102&MI_00, USB\VID_04C3&PID_2102&MI_01, USB\VID_04c5&PID_1018, USB\VID_04c5&PID_1020&MI_00, USB\VID_04c5&PID_1020&MI_01, USB\VID_04CA&PID_1766, USB\VID_04D2&PID_0070&MI_02, USB\VID_04D2&PID_FF47&MI_02, USB\VID_04D2&PID_FF49&MI_02, USB\VID_04E7&PID_0001, USB\VID_04F2, USB\VID_04F2&PID_0001&MI_00, USB\VID_04F2&PID_0001&MI_01, USB\VID_04F2&PID_0002, USB\VID_0500&PID_0001&MI_00, USB\VID_0500&PID_0001&MI_01, USB\VID_0500&PID_0002, USB\VID_0510&PID_0001, USB\VID_0510&PID_1000&MI_00, USB\VID_0510&PID_1000&MI_01, USB\VID_0510&PID_E001, USB\VID_051D, USB\VID_051D&PID_0000, USB\VID_051D&PID_0001, USB\VID_051D&PID_0002, USB\VID_051D&PID_0003, USB\VID_055D&PID_0001, USB\VID_055D&PID_6780, USB\VID_055D&PID_6781&MI_00, USB\VID_055D&PID_6781&MI_01, USB\VID_0566&PID_2800, USB\VID_0566&PID_2801&MI_00, USB\VID_0566&PID_2801&MI_01, USB\VID_05A4, USB\VID_05A4&PID_9720&MI_00, USB\VID_05A4&PID_9720&MI_01, USB\VID_05A4&PID_9722, USB\VID_05AF&PID_9167, USB\VID_05AF&PID_9267&MI_00, USB\VID_05AF&PID_9267&MI_01, USB\VID_05B2, USB\VID_05B2&PID_6200, USB\VID_05B2&PID_7200&MI_00, USB\VID_05B2&PID_7200&MI_01, USB\VID_05BC&PID_0001&MI_00, USB\VID_05BC&PID_0001&MI_01, USB\VID_05BC&PID_0002, USB\VID_05C7&PID_1001, USB\VID_05C7&PID_2001, USB\VID_05C7&PID_6001, USB\VID_05D5&PID_6782&MI_00, USB\VID_05d5&PID_6782&MI_01, USB\VID_05F2&PID_0010, USB\VID_05FA, USB\VID_05FA&PID_3301&MI_00, USB\VID_05FA&PID_3301&MI_01, USB\VID_05FA&PID_3302, USB\VID_05FA&PID_3303&MI_00, USB\VID_05FA&PID_3303&MI_01, USB\VID_0605&PID_0001, USB\VID_060B&PID_2101&MI_00, USB\VID_060B&PID_2101&MI_01, USB\VID_0672&PID_1041&MI_02, USB\VID_0698&PID_1786, USB\VID_06F8&PID_0002, USB\VID_0E8A&PID_0100


Validating service installation for HidUsb...
Service HidUsb is installed. Status: Running
Name : HidUsb
CanStop : True
DisplayName : Microsoft HID Class Driver
MachineName : .
ServiceName : HidUsb
ServiceType : KernelDriver
StartType : Manual
Status : Running